ERROR - 2023-04-26 05:53:04 --> Error connecting to the database: mysqli_sql_exception: No such file or directory in /var/www/htdocs/fitlearn/system/Database/MySQLi/Connection.php:173
Stack trace:
#0 /var/www/htdocs/fitlearn/system/Database/MySQLi/Connection.php(173): mysqli->real_connect()
#1 /var/www/htdocs/fitlearn/system/Database/BaseConnection.php(391): CodeIgniter\Database\MySQLi\Connection->connect()
#2 /var/www/htdocs/fitlearn/system/Database/BaseConnection.php(573): CodeIgniter\Database\BaseConnection->initialize()
#3 /var/www/htdocs/fitlearn/system/Database/BaseBuilder.php(1616): CodeIgniter\Database\BaseConnection->query()
#4 /var/www/htdocs/fitlearn/app/Models/User_model.php(79): CodeIgniter\Database\BaseBuilder->get()
#5 /var/www/htdocs/fitlearn/app/Controllers/UserProfile.php(14): App\Models\User_model->user_details()
#6 /var/www/htdocs/fitlearn/system/CodeIgniter.php(934): App\Controllers\UserProfile->index()
#7 /var/www/htdocs/fitlearn/system/CodeIgniter.php(499): CodeIgniter\CodeIgniter->runController()
#8 /var/www/htdocs/fitlearn/system/CodeIgniter.php(368): CodeIgniter\CodeIgniter->handleRequest()
#9 /var/www/htdocs/fitlearn/public/index.php(67): CodeIgniter\CodeIgniter->run()
#10 {main}

Next CodeIgniter\Database\Exceptions\DatabaseException: No such file or directory in /var/www/htdocs/fitlearn/system/Database/MySQLi/Connection.php:218
Stack trace:
#0 /var/www/htdocs/fitlearn/system/Database/BaseConnection.php(391): CodeIgniter\Database\MySQLi\Connection->connect()
#1 /var/www/htdocs/fitlearn/system/Database/BaseConnection.php(573): CodeIgniter\Database\BaseConnection->initialize()
#2 /var/www/htdocs/fitlearn/system/Database/BaseBuilder.php(1616): CodeIgniter\Database\BaseConnection->query()
#3 /var/www/htdocs/fitlearn/app/Models/User_model.php(79): CodeIgniter\Database\BaseBuilder->get()
#4 /var/www/htdocs/fitlearn/app/Controllers/UserProfile.php(14): App\Models\User_model->user_details()
#5 /var/www/htdocs/fitlearn/system/CodeIgniter.php(934): App\Controllers\UserProfile->index()
#6 /var/www/htdocs/fitlearn/system/CodeIgniter.php(499): CodeIgniter\CodeIgniter->runController()
#7 /var/www/htdocs/fitlearn/system/CodeIgniter.php(368): CodeIgniter\CodeIgniter->handleRequest()
#8 /var/www/htdocs/fitlearn/public/index.php(67): CodeIgniter\CodeIgniter->run()
#9 {main}
CRITICAL - 2023-04-26 05:53:04 --> Unable to connect to the database.
Main connection [MySQLi]: No such file or directory
in SYSTEMPATH/Database/BaseConnection.php on line 427.
 1 SYSTEMPATH/Database/BaseConnection.php(573): CodeIgniter\Database\BaseConnection->initialize()
 2 SYSTEMPATH/Database/BaseBuilder.php(1616): CodeIgniter\Database\BaseConnection->query()
 3 APPPATH/Models/User_model.php(79): CodeIgniter\Database\BaseBuilder->get()
 4 APPPATH/Controllers/UserProfile.php(14): App\Models\User_model->user_details()
 5 SYSTEMPATH/CodeIgniter.php(934): App\Controllers\UserProfile->index()
 6 SYSTEMPATH/CodeIgniter.php(499): CodeIgniter\CodeIgniter->runController()
 7 SYSTEMPATH/CodeIgniter.php(368): CodeIgniter\CodeIgniter->handleRequest()
 8 FCPATH/index.php(67): CodeIgniter\CodeIgniter->run()
ERROR - 2023-04-26 05:53:11 --> Error connecting to the database: mysqli_sql_exception: No such file or directory in /var/www/htdocs/fitlearn/system/Database/MySQLi/Connection.php:173
Stack trace:
#0 /var/www/htdocs/fitlearn/system/Database/MySQLi/Connection.php(173): mysqli->real_connect()
#1 /var/www/htdocs/fitlearn/system/Database/BaseConnection.php(391): CodeIgniter\Database\MySQLi\Connection->connect()
#2 /var/www/htdocs/fitlearn/system/Database/BaseConnection.php(573): CodeIgniter\Database\BaseConnection->initialize()
#3 /var/www/htdocs/fitlearn/system/Database/BaseBuilder.php(1616): CodeIgniter\Database\BaseConnection->query()
#4 /var/www/htdocs/fitlearn/app/Models/User_model.php(79): CodeIgniter\Database\BaseBuilder->get()
#5 /var/www/htdocs/fitlearn/app/Controllers/UserProfile.php(14): App\Models\User_model->user_details()
#6 /var/www/htdocs/fitlearn/system/CodeIgniter.php(934): App\Controllers\UserProfile->index()
#7 /var/www/htdocs/fitlearn/system/CodeIgniter.php(499): CodeIgniter\CodeIgniter->runController()
#8 /var/www/htdocs/fitlearn/system/CodeIgniter.php(368): CodeIgniter\CodeIgniter->handleRequest()
#9 /var/www/htdocs/fitlearn/public/index.php(67): CodeIgniter\CodeIgniter->run()
#10 {main}

Next CodeIgniter\Database\Exceptions\DatabaseException: No such file or directory in /var/www/htdocs/fitlearn/system/Database/MySQLi/Connection.php:218
Stack trace:
#0 /var/www/htdocs/fitlearn/system/Database/BaseConnection.php(391): CodeIgniter\Database\MySQLi\Connection->connect()
#1 /var/www/htdocs/fitlearn/system/Database/BaseConnection.php(573): CodeIgniter\Database\BaseConnection->initialize()
#2 /var/www/htdocs/fitlearn/system/Database/BaseBuilder.php(1616): CodeIgniter\Database\BaseConnection->query()
#3 /var/www/htdocs/fitlearn/app/Models/User_model.php(79): CodeIgniter\Database\BaseBuilder->get()
#4 /var/www/htdocs/fitlearn/app/Controllers/UserProfile.php(14): App\Models\User_model->user_details()
#5 /var/www/htdocs/fitlearn/system/CodeIgniter.php(934): App\Controllers\UserProfile->index()
#6 /var/www/htdocs/fitlearn/system/CodeIgniter.php(499): CodeIgniter\CodeIgniter->runController()
#7 /var/www/htdocs/fitlearn/system/CodeIgniter.php(368): CodeIgniter\CodeIgniter->handleRequest()
#8 /var/www/htdocs/fitlearn/public/index.php(67): CodeIgniter\CodeIgniter->run()
#9 {main}
CRITICAL - 2023-04-26 05:53:11 --> Unable to connect to the database.
Main connection [MySQLi]: No such file or directory
in SYSTEMPATH/Database/BaseConnection.php on line 427.
 1 SYSTEMPATH/Database/BaseConnection.php(573): CodeIgniter\Database\BaseConnection->initialize()
 2 SYSTEMPATH/Database/BaseBuilder.php(1616): CodeIgniter\Database\BaseConnection->query()
 3 APPPATH/Models/User_model.php(79): CodeIgniter\Database\BaseBuilder->get()
 4 APPPATH/Controllers/UserProfile.php(14): App\Models\User_model->user_details()
 5 SYSTEMPATH/CodeIgniter.php(934): App\Controllers\UserProfile->index()
 6 SYSTEMPATH/CodeIgniter.php(499): CodeIgniter\CodeIgniter->runController()
 7 SYSTEMPATH/CodeIgniter.php(368): CodeIgniter\CodeIgniter->handleRequest()
 8 FCPATH/index.php(67): CodeIgniter\CodeIgniter->run()
CRITICAL - 2023-04-26 05:53:21 --> Undefined variable $email
in APPPATH/Controllers/Login.php on line 109.
 1 APPPATH/Controllers/Login.php(109): CodeIgniter\Debug\Exceptions->errorHandler()
 2 SYSTEMPATH/CodeIgniter.php(934): App\Controllers\Login->logout()
 3 SYSTEMPATH/CodeIgniter.php(499): CodeIgniter\CodeIgniter->runController()
 4 SYSTEMPATH/CodeIgniter.php(368): CodeIgniter\CodeIgniter->handleRequest()
 5 FCPATH/index.php(67): CodeIgniter\CodeIgniter->run()
ERROR - 2023-04-26 05:54:32 --> Error connecting to the database: mysqli_sql_exception: No such file or directory in /var/www/htdocs/fitlearn/system/Database/MySQLi/Connection.php:173
Stack trace:
#0 /var/www/htdocs/fitlearn/system/Database/MySQLi/Connection.php(173): mysqli->real_connect()
#1 /var/www/htdocs/fitlearn/system/Database/BaseConnection.php(391): CodeIgniter\Database\MySQLi\Connection->connect()
#2 /var/www/htdocs/fitlearn/system/Database/BaseConnection.php(573): CodeIgniter\Database\BaseConnection->initialize()
#3 /var/www/htdocs/fitlearn/system/Database/BaseBuilder.php(1616): CodeIgniter\Database\BaseConnection->query()
#4 /var/www/htdocs/fitlearn/app/Models/User_model.php(40): CodeIgniter\Database\BaseBuilder->get()
#5 /var/www/htdocs/fitlearn/app/Controllers/Register.php(125): App\Models\User_model->google_check_exist()
#6 /var/www/htdocs/fitlearn/system/CodeIgniter.php(934): App\Controllers\Register->google_account()
#7 /var/www/htdocs/fitlearn/system/CodeIgniter.php(499): CodeIgniter\CodeIgniter->runController()
#8 /var/www/htdocs/fitlearn/system/CodeIgniter.php(368): CodeIgniter\CodeIgniter->handleRequest()
#9 /var/www/htdocs/fitlearn/public/index.php(67): CodeIgniter\CodeIgniter->run()
#10 {main}

Next CodeIgniter\Database\Exceptions\DatabaseException: No such file or directory in /var/www/htdocs/fitlearn/system/Database/MySQLi/Connection.php:218
Stack trace:
#0 /var/www/htdocs/fitlearn/system/Database/BaseConnection.php(391): CodeIgniter\Database\MySQLi\Connection->connect()
#1 /var/www/htdocs/fitlearn/system/Database/BaseConnection.php(573): CodeIgniter\Database\BaseConnection->initialize()
#2 /var/www/htdocs/fitlearn/system/Database/BaseBuilder.php(1616): CodeIgniter\Database\BaseConnection->query()
#3 /var/www/htdocs/fitlearn/app/Models/User_model.php(40): CodeIgniter\Database\BaseBuilder->get()
#4 /var/www/htdocs/fitlearn/app/Controllers/Register.php(125): App\Models\User_model->google_check_exist()
#5 /var/www/htdocs/fitlearn/system/CodeIgniter.php(934): App\Controllers\Register->google_account()
#6 /var/www/htdocs/fitlearn/system/CodeIgniter.php(499): CodeIgniter\CodeIgniter->runController()
#7 /var/www/htdocs/fitlearn/system/CodeIgniter.php(368): CodeIgniter\CodeIgniter->handleRequest()
#8 /var/www/htdocs/fitlearn/public/index.php(67): CodeIgniter\CodeIgniter->run()
#9 {main}
CRITICAL - 2023-04-26 05:54:32 --> Unable to connect to the database.
Main connection [MySQLi]: No such file or directory
in SYSTEMPATH/Database/BaseConnection.php on line 427.
 1 SYSTEMPATH/Database/BaseConnection.php(573): CodeIgniter\Database\BaseConnection->initialize()
 2 SYSTEMPATH/Database/BaseBuilder.php(1616): CodeIgniter\Database\BaseConnection->query()
 3 APPPATH/Models/User_model.php(40): CodeIgniter\Database\BaseBuilder->get()
 4 APPPATH/Controllers/Register.php(125): App\Models\User_model->google_check_exist()
 5 SYSTEMPATH/CodeIgniter.php(934): App\Controllers\Register->google_account()
 6 SYSTEMPATH/CodeIgniter.php(499): CodeIgniter\CodeIgniter->runController()
 7 SYSTEMPATH/CodeIgniter.php(368): CodeIgniter\CodeIgniter->handleRequest()
 8 FCPATH/index.php(67): CodeIgniter\CodeIgniter->run()
ERROR - 2023-04-26 05:55:13 --> Error connecting to the database: mysqli_sql_exception: No such file or directory in /var/www/htdocs/fitlearn/system/Database/MySQLi/Connection.php:173
Stack trace:
#0 /var/www/htdocs/fitlearn/system/Database/MySQLi/Connection.php(173): mysqli->real_connect()
#1 /var/www/htdocs/fitlearn/system/Database/BaseConnection.php(391): CodeIgniter\Database\MySQLi\Connection->connect()
#2 /var/www/htdocs/fitlearn/system/Database/BaseConnection.php(573): CodeIgniter\Database\BaseConnection->initialize()
#3 /var/www/htdocs/fitlearn/system/Database/BaseBuilder.php(1616): CodeIgniter\Database\BaseConnection->query()
#4 /var/www/htdocs/fitlearn/app/Models/User_model.php(40): CodeIgniter\Database\BaseBuilder->get()
#5 /var/www/htdocs/fitlearn/app/Controllers/Register.php(125): App\Models\User_model->google_check_exist()
#6 /var/www/htdocs/fitlearn/system/CodeIgniter.php(934): App\Controllers\Register->google_account()
#7 /var/www/htdocs/fitlearn/system/CodeIgniter.php(499): CodeIgniter\CodeIgniter->runController()
#8 /var/www/htdocs/fitlearn/system/CodeIgniter.php(368): CodeIgniter\CodeIgniter->handleRequest()
#9 /var/www/htdocs/fitlearn/public/index.php(67): CodeIgniter\CodeIgniter->run()
#10 {main}

Next CodeIgniter\Database\Exceptions\DatabaseException: No such file or directory in /var/www/htdocs/fitlearn/system/Database/MySQLi/Connection.php:218
Stack trace:
#0 /var/www/htdocs/fitlearn/system/Database/BaseConnection.php(391): CodeIgniter\Database\MySQLi\Connection->connect()
#1 /var/www/htdocs/fitlearn/system/Database/BaseConnection.php(573): CodeIgniter\Database\BaseConnection->initialize()
#2 /var/www/htdocs/fitlearn/system/Database/BaseBuilder.php(1616): CodeIgniter\Database\BaseConnection->query()
#3 /var/www/htdocs/fitlearn/app/Models/User_model.php(40): CodeIgniter\Database\BaseBuilder->get()
#4 /var/www/htdocs/fitlearn/app/Controllers/Register.php(125): App\Models\User_model->google_check_exist()
#5 /var/www/htdocs/fitlearn/system/CodeIgniter.php(934): App\Controllers\Register->google_account()
#6 /var/www/htdocs/fitlearn/system/CodeIgniter.php(499): CodeIgniter\CodeIgniter->runController()
#7 /var/www/htdocs/fitlearn/system/CodeIgniter.php(368): CodeIgniter\CodeIgniter->handleRequest()
#8 /var/www/htdocs/fitlearn/public/index.php(67): CodeIgniter\CodeIgniter->run()
#9 {main}
CRITICAL - 2023-04-26 05:55:13 --> Unable to connect to the database.
Main connection [MySQLi]: No such file or directory
in SYSTEMPATH/Database/BaseConnection.php on line 427.
 1 SYSTEMPATH/Database/BaseConnection.php(573): CodeIgniter\Database\BaseConnection->initialize()
 2 SYSTEMPATH/Database/BaseBuilder.php(1616): CodeIgniter\Database\BaseConnection->query()
 3 APPPATH/Models/User_model.php(40): CodeIgniter\Database\BaseBuilder->get()
 4 APPPATH/Controllers/Register.php(125): App\Models\User_model->google_check_exist()
 5 SYSTEMPATH/CodeIgniter.php(934): App\Controllers\Register->google_account()
 6 SYSTEMPATH/CodeIgniter.php(499): CodeIgniter\CodeIgniter->runController()
 7 SYSTEMPATH/CodeIgniter.php(368): CodeIgniter\CodeIgniter->handleRequest()
 8 FCPATH/index.php(67): CodeIgniter\CodeIgniter->run()
ERROR - 2023-04-26 05:55:24 --> Error connecting to the database: mysqli_sql_exception: No such file or directory in /var/www/htdocs/fitlearn/system/Database/MySQLi/Connection.php:173
Stack trace:
#0 /var/www/htdocs/fitlearn/system/Database/MySQLi/Connection.php(173): mysqli->real_connect()
#1 /var/www/htdocs/fitlearn/system/Database/BaseConnection.php(391): CodeIgniter\Database\MySQLi\Connection->connect()
#2 /var/www/htdocs/fitlearn/system/Database/BaseConnection.php(573): CodeIgniter\Database\BaseConnection->initialize()
#3 /var/www/htdocs/fitlearn/system/Database/BaseBuilder.php(1616): CodeIgniter\Database\BaseConnection->query()
#4 /var/www/htdocs/fitlearn/app/Models/User_model.php(16): CodeIgniter\Database\BaseBuilder->get()
#5 /var/www/htdocs/fitlearn/app/Controllers/Login.php(57): App\Models\User_model->login()
#6 /var/www/htdocs/fitlearn/system/CodeIgniter.php(934): App\Controllers\Login->check_login()
#7 /var/www/htdocs/fitlearn/system/CodeIgniter.php(499): CodeIgniter\CodeIgniter->runController()
#8 /var/www/htdocs/fitlearn/system/CodeIgniter.php(368): CodeIgniter\CodeIgniter->handleRequest()
#9 /var/www/htdocs/fitlearn/public/index.php(67): CodeIgniter\CodeIgniter->run()
#10 {main}

Next CodeIgniter\Database\Exceptions\DatabaseException: No such file or directory in /var/www/htdocs/fitlearn/system/Database/MySQLi/Connection.php:218
Stack trace:
#0 /var/www/htdocs/fitlearn/system/Database/BaseConnection.php(391): CodeIgniter\Database\MySQLi\Connection->connect()
#1 /var/www/htdocs/fitlearn/system/Database/BaseConnection.php(573): CodeIgniter\Database\BaseConnection->initialize()
#2 /var/www/htdocs/fitlearn/system/Database/BaseBuilder.php(1616): CodeIgniter\Database\BaseConnection->query()
#3 /var/www/htdocs/fitlearn/app/Models/User_model.php(16): CodeIgniter\Database\BaseBuilder->get()
#4 /var/www/htdocs/fitlearn/app/Controllers/Login.php(57): App\Models\User_model->login()
#5 /var/www/htdocs/fitlearn/system/CodeIgniter.php(934): App\Controllers\Login->check_login()
#6 /var/www/htdocs/fitlearn/system/CodeIgniter.php(499): CodeIgniter\CodeIgniter->runController()
#7 /var/www/htdocs/fitlearn/system/CodeIgniter.php(368): CodeIgniter\CodeIgniter->handleRequest()
#8 /var/www/htdocs/fitlearn/public/index.php(67): CodeIgniter\CodeIgniter->run()
#9 {main}
CRITICAL - 2023-04-26 05:55:24 --> Unable to connect to the database.
Main connection [MySQLi]: No such file or directory
in SYSTEMPATH/Database/BaseConnection.php on line 427.
 1 SYSTEMPATH/Database/BaseConnection.php(573): CodeIgniter\Database\BaseConnection->initialize()
 2 SYSTEMPATH/Database/BaseBuilder.php(1616): CodeIgniter\Database\BaseConnection->query()
 3 APPPATH/Models/User_model.php(16): CodeIgniter\Database\BaseBuilder->get()
 4 APPPATH/Controllers/Login.php(57): App\Models\User_model->login()
 5 SYSTEMPATH/CodeIgniter.php(934): App\Controllers\Login->check_login()
 6 SYSTEMPATH/CodeIgniter.php(499): CodeIgniter\CodeIgniter->runController()
 7 SYSTEMPATH/CodeIgniter.php(368): CodeIgniter\CodeIgniter->handleRequest()
 8 FCPATH/index.php(67): CodeIgniter\CodeIgniter->run()
ERROR - 2023-04-26 05:59:52 --> Error connecting to the database: mysqli_sql_exception: No such file or directory in /var/www/htdocs/fitlearn/system/Database/MySQLi/Connection.php:173
Stack trace:
#0 /var/www/htdocs/fitlearn/system/Database/MySQLi/Connection.php(173): mysqli->real_connect()
#1 /var/www/htdocs/fitlearn/system/Database/BaseConnection.php(391): CodeIgniter\Database\MySQLi\Connection->connect()
#2 /var/www/htdocs/fitlearn/system/Database/BaseConnection.php(573): CodeIgniter\Database\BaseConnection->initialize()
#3 /var/www/htdocs/fitlearn/system/Database/BaseBuilder.php(1616): CodeIgniter\Database\BaseConnection->query()
#4 /var/www/htdocs/fitlearn/app/Models/User_model.php(16): CodeIgniter\Database\BaseBuilder->get()
#5 /var/www/htdocs/fitlearn/app/Controllers/Login.php(57): App\Models\User_model->login()
#6 /var/www/htdocs/fitlearn/system/CodeIgniter.php(934): App\Controllers\Login->check_login()
#7 /var/www/htdocs/fitlearn/system/CodeIgniter.php(499): CodeIgniter\CodeIgniter->runController()
#8 /var/www/htdocs/fitlearn/system/CodeIgniter.php(368): CodeIgniter\CodeIgniter->handleRequest()
#9 /var/www/htdocs/fitlearn/public/index.php(67): CodeIgniter\CodeIgniter->run()
#10 {main}

Next CodeIgniter\Database\Exceptions\DatabaseException: No such file or directory in /var/www/htdocs/fitlearn/system/Database/MySQLi/Connection.php:218
Stack trace:
#0 /var/www/htdocs/fitlearn/system/Database/BaseConnection.php(391): CodeIgniter\Database\MySQLi\Connection->connect()
#1 /var/www/htdocs/fitlearn/system/Database/BaseConnection.php(573): CodeIgniter\Database\BaseConnection->initialize()
#2 /var/www/htdocs/fitlearn/system/Database/BaseBuilder.php(1616): CodeIgniter\Database\BaseConnection->query()
#3 /var/www/htdocs/fitlearn/app/Models/User_model.php(16): CodeIgniter\Database\BaseBuilder->get()
#4 /var/www/htdocs/fitlearn/app/Controllers/Login.php(57): App\Models\User_model->login()
#5 /var/www/htdocs/fitlearn/system/CodeIgniter.php(934): App\Controllers\Login->check_login()
#6 /var/www/htdocs/fitlearn/system/CodeIgniter.php(499): CodeIgniter\CodeIgniter->runController()
#7 /var/www/htdocs/fitlearn/system/CodeIgniter.php(368): CodeIgniter\CodeIgniter->handleRequest()
#8 /var/www/htdocs/fitlearn/public/index.php(67): CodeIgniter\CodeIgniter->run()
#9 {main}
CRITICAL - 2023-04-26 05:59:52 --> Unable to connect to the database.
Main connection [MySQLi]: No such file or directory
in SYSTEMPATH/Database/BaseConnection.php on line 427.
 1 SYSTEMPATH/Database/BaseConnection.php(573): CodeIgniter\Database\BaseConnection->initialize()
 2 SYSTEMPATH/Database/BaseBuilder.php(1616): CodeIgniter\Database\BaseConnection->query()
 3 APPPATH/Models/User_model.php(16): CodeIgniter\Database\BaseBuilder->get()
 4 APPPATH/Controllers/Login.php(57): App\Models\User_model->login()
 5 SYSTEMPATH/CodeIgniter.php(934): App\Controllers\Login->check_login()
 6 SYSTEMPATH/CodeIgniter.php(499): CodeIgniter\CodeIgniter->runController()
 7 SYSTEMPATH/CodeIgniter.php(368): CodeIgniter\CodeIgniter->handleRequest()
 8 FCPATH/index.php(67): CodeIgniter\CodeIgniter->run()
ERROR - 2023-04-26 06:00:00 --> Error connecting to the database: mysqli_sql_exception: No such file or directory in /var/www/htdocs/fitlearn/system/Database/MySQLi/Connection.php:173
Stack trace:
#0 /var/www/htdocs/fitlearn/system/Database/MySQLi/Connection.php(173): mysqli->real_connect()
#1 /var/www/htdocs/fitlearn/system/Database/BaseConnection.php(391): CodeIgniter\Database\MySQLi\Connection->connect()
#2 /var/www/htdocs/fitlearn/system/Database/BaseConnection.php(573): CodeIgniter\Database\BaseConnection->initialize()
#3 /var/www/htdocs/fitlearn/system/Database/BaseBuilder.php(1616): CodeIgniter\Database\BaseConnection->query()
#4 /var/www/htdocs/fitlearn/app/Models/User_model.php(16): CodeIgniter\Database\BaseBuilder->get()
#5 /var/www/htdocs/fitlearn/app/Controllers/Login.php(57): App\Models\User_model->login()
#6 /var/www/htdocs/fitlearn/system/CodeIgniter.php(934): App\Controllers\Login->check_login()
#7 /var/www/htdocs/fitlearn/system/CodeIgniter.php(499): CodeIgniter\CodeIgniter->runController()
#8 /var/www/htdocs/fitlearn/system/CodeIgniter.php(368): CodeIgniter\CodeIgniter->handleRequest()
#9 /var/www/htdocs/fitlearn/public/index.php(67): CodeIgniter\CodeIgniter->run()
#10 {main}

Next CodeIgniter\Database\Exceptions\DatabaseException: No such file or directory in /var/www/htdocs/fitlearn/system/Database/MySQLi/Connection.php:218
Stack trace:
#0 /var/www/htdocs/fitlearn/system/Database/BaseConnection.php(391): CodeIgniter\Database\MySQLi\Connection->connect()
#1 /var/www/htdocs/fitlearn/system/Database/BaseConnection.php(573): CodeIgniter\Database\BaseConnection->initialize()
#2 /var/www/htdocs/fitlearn/system/Database/BaseBuilder.php(1616): CodeIgniter\Database\BaseConnection->query()
#3 /var/www/htdocs/fitlearn/app/Models/User_model.php(16): CodeIgniter\Database\BaseBuilder->get()
#4 /var/www/htdocs/fitlearn/app/Controllers/Login.php(57): App\Models\User_model->login()
#5 /var/www/htdocs/fitlearn/system/CodeIgniter.php(934): App\Controllers\Login->check_login()
#6 /var/www/htdocs/fitlearn/system/CodeIgniter.php(499): CodeIgniter\CodeIgniter->runController()
#7 /var/www/htdocs/fitlearn/system/CodeIgniter.php(368): CodeIgniter\CodeIgniter->handleRequest()
#8 /var/www/htdocs/fitlearn/public/index.php(67): CodeIgniter\CodeIgniter->run()
#9 {main}
CRITICAL - 2023-04-26 06:00:00 --> Unable to connect to the database.
Main connection [MySQLi]: No such file or directory
in SYSTEMPATH/Database/BaseConnection.php on line 427.
 1 SYSTEMPATH/Database/BaseConnection.php(573): CodeIgniter\Database\BaseConnection->initialize()
 2 SYSTEMPATH/Database/BaseBuilder.php(1616): CodeIgniter\Database\BaseConnection->query()
 3 APPPATH/Models/User_model.php(16): CodeIgniter\Database\BaseBuilder->get()
 4 APPPATH/Controllers/Login.php(57): App\Models\User_model->login()
 5 SYSTEMPATH/CodeIgniter.php(934): App\Controllers\Login->check_login()
 6 SYSTEMPATH/CodeIgniter.php(499): CodeIgniter\CodeIgniter->runController()
 7 SYSTEMPATH/CodeIgniter.php(368): CodeIgniter\CodeIgniter->handleRequest()
 8 FCPATH/index.php(67): CodeIgniter\CodeIgniter->run()
