CRITICAL - 2023-04-25 05:41:59 --> Undefined array key "name"
in APPPATH/Views/course_item.php on line 219.
 1 APPPATH/Views/course_item.php(219): CodeIgniter\Debug\Exceptions->errorHandler()
 2 SYSTEMPATH/View/View.php(213): include('APPPATH/Views/course_item.php')
 3 SYSTEMPATH/View/View.php(216): CodeIgniter\View\View->CodeIgniter\View\{closure}()
 4 SYSTEMPATH/Common.php(1184): CodeIgniter\View\View->render()
 5 APPPATH/Controllers/Course.php(166): view()
 6 SYSTEMPATH/CodeIgniter.php(934): App\Controllers\Course->display_course()
 7 SYSTEMPATH/CodeIgniter.php(499): CodeIgniter\CodeIgniter->runController()
 8 SYSTEMPATH/CodeIgniter.php(368): CodeIgniter\CodeIgniter->handleRequest()
 9 FCPATH/index.php(67): CodeIgniter\CodeIgniter->run()
CRITICAL - 2023-04-25 05:48:32 --> syntax error, unexpected string content "", expecting "-" or identifier or variable or number
in APPPATH/Controllers/Course.php on line 140.
 1 SYSTEMPATH/Autoloader/Autoloader.php(289): CodeIgniter\Autoloader\Autoloader->includeFile()
 2 SYSTEMPATH/Autoloader/Autoloader.php(267): CodeIgniter\Autoloader\Autoloader->loadInNamespace()
 3 [internal function]: CodeIgniter\Autoloader\Autoloader->loadClass()
 4 SYSTEMPATH/CodeIgniter.php(892): class_exists()
 5 SYSTEMPATH/CodeIgniter.php(486): CodeIgniter\CodeIgniter->startController()
 6 SYSTEMPATH/CodeIgniter.php(368): CodeIgniter\CodeIgniter->handleRequest()
 7 FCPATH/index.php(67): CodeIgniter\CodeIgniter->run()
CRITICAL - 2023-04-25 05:50:06 --> Undefined array key "firstName"
in APPPATH/Views/course_item.php on line 219.
 1 APPPATH/Views/course_item.php(219): CodeIgniter\Debug\Exceptions->errorHandler()
 2 SYSTEMPATH/View/View.php(213): include('APPPATH/Views/course_item.php')
 3 SYSTEMPATH/View/View.php(216): CodeIgniter\View\View->CodeIgniter\View\{closure}()
 4 SYSTEMPATH/Common.php(1184): CodeIgniter\View\View->render()
 5 APPPATH/Controllers/Course.php(164): view()
 6 SYSTEMPATH/CodeIgniter.php(934): App\Controllers\Course->display_course()
 7 SYSTEMPATH/CodeIgniter.php(499): CodeIgniter\CodeIgniter->runController()
 8 SYSTEMPATH/CodeIgniter.php(368): CodeIgniter\CodeIgniter->handleRequest()
 9 FCPATH/index.php(67): CodeIgniter\CodeIgniter->run()
CRITICAL - 2023-04-25 05:51:35 --> syntax error, unexpected single-quoted string "</h4>", expecting "," or ";"
in APPPATH/Views/course_item.php on line 222.
 1 SYSTEMPATH/View/View.php(216): CodeIgniter\View\View->CodeIgniter\View\{closure}()
 2 SYSTEMPATH/Common.php(1184): CodeIgniter\View\View->render()
 3 APPPATH/Controllers/Course.php(164): view()
 4 SYSTEMPATH/CodeIgniter.php(934): App\Controllers\Course->display_course()
 5 SYSTEMPATH/CodeIgniter.php(499): CodeIgniter\CodeIgniter->runController()
 6 SYSTEMPATH/CodeIgniter.php(368): CodeIgniter\CodeIgniter->handleRequest()
 7 FCPATH/index.php(67): CodeIgniter\CodeIgniter->run()
ERROR - 2023-04-25 05:59:17 --> mysqli_sql_exception: Unknown column 'user.lastName' in 'field list' in /var/www/htdocs/fitlearn/system/Database/MySQLi/Connection.php:295
Stack trace:
#0 /var/www/htdocs/fitlearn/system/Database/MySQLi/Connection.php(295): mysqli->query()
#1 /var/www/htdocs/fitlearn/system/Database/BaseConnection.php(691): CodeIgniter\Database\MySQLi\Connection->execute()
#2 /var/www/htdocs/fitlearn/system/Database/BaseConnection.php(605): CodeIgniter\Database\BaseConnection->simpleQuery()
#3 /var/www/htdocs/fitlearn/app/Models/User_model.php(172): CodeIgniter\Database\BaseConnection->query()
#4 /var/www/htdocs/fitlearn/app/Controllers/Course.php(138): App\Models\User_model->sql_query()
#5 /var/www/htdocs/fitlearn/system/CodeIgniter.php(934): App\Controllers\Course->display_course()
#6 /var/www/htdocs/fitlearn/system/CodeIgniter.php(499): CodeIgniter\CodeIgniter->runController()
#7 /var/www/htdocs/fitlearn/system/CodeIgniter.php(368): CodeIgniter\CodeIgniter->handleRequest()
#8 /var/www/htdocs/fitlearn/public/index.php(67): CodeIgniter\CodeIgniter->run()
#9 {main}
CRITICAL - 2023-04-25 05:59:17 --> Unknown column 'user.lastName' in 'field list'
in SYSTEMPATH/Database/BaseConnection.php on line 645.
 1 APPPATH/Models/User_model.php(172): CodeIgniter\Database\BaseConnection->query()
 2 APPPATH/Controllers/Course.php(138): App\Models\User_model->sql_query()
 3 SYSTEMPATH/CodeIgniter.php(934): App\Controllers\Course->display_course()
 4 SYSTEMPATH/CodeIgniter.php(499): CodeIgniter\CodeIgniter->runController()
 5 SYSTEMPATH/CodeIgniter.php(368): CodeIgniter\CodeIgniter->handleRequest()
 6 FCPATH/index.php(67): CodeIgniter\CodeIgniter->run()
CRITICAL - 2023-04-25 06:03:25 --> syntax error, unexpected token "echo", expecting "," or ";"
in APPPATH/Views/course_item.php on line 219.
 1 SYSTEMPATH/View/View.php(216): CodeIgniter\View\View->CodeIgniter\View\{closure}()
 2 SYSTEMPATH/Common.php(1184): CodeIgniter\View\View->render()
 3 APPPATH/Controllers/Course.php(170): view()
 4 SYSTEMPATH/CodeIgniter.php(934): App\Controllers\Course->display_course()
 5 SYSTEMPATH/CodeIgniter.php(499): CodeIgniter\CodeIgniter->runController()
 6 SYSTEMPATH/CodeIgniter.php(368): CodeIgniter\CodeIgniter->handleRequest()
 7 FCPATH/index.php(67): CodeIgniter\CodeIgniter->run()
CRITICAL - 2023-04-25 06:03:35 --> syntax error, unexpected identifier "base_url", expecting "," or ";"
in APPPATH/Views/course_item.php on line 219.
 1 SYSTEMPATH/View/View.php(216): CodeIgniter\View\View->CodeIgniter\View\{closure}()
 2 SYSTEMPATH/Common.php(1184): CodeIgniter\View\View->render()
 3 APPPATH/Controllers/Course.php(170): view()
 4 SYSTEMPATH/CodeIgniter.php(934): App\Controllers\Course->display_course()
 5 SYSTEMPATH/CodeIgniter.php(499): CodeIgniter\CodeIgniter->runController()
 6 SYSTEMPATH/CodeIgniter.php(368): CodeIgniter\CodeIgniter->handleRequest()
 7 FCPATH/index.php(67): CodeIgniter\CodeIgniter->run()
CRITICAL - 2023-04-25 06:03:48 --> Undefined array key "picPath"
in APPPATH/Views/course_item.php on line 219.
 1 APPPATH/Views/course_item.php(219): CodeIgniter\Debug\Exceptions->errorHandler()
 2 SYSTEMPATH/View/View.php(213): include('APPPATH/Views/course_item.php')
 3 SYSTEMPATH/View/View.php(216): CodeIgniter\View\View->CodeIgniter\View\{closure}()
 4 SYSTEMPATH/Common.php(1184): CodeIgniter\View\View->render()
 5 APPPATH/Controllers/Course.php(170): view()
 6 SYSTEMPATH/CodeIgniter.php(934): App\Controllers\Course->display_course()
 7 SYSTEMPATH/CodeIgniter.php(499): CodeIgniter\CodeIgniter->runController()
 8 SYSTEMPATH/CodeIgniter.php(368): CodeIgniter\CodeIgniter->handleRequest()
 9 FCPATH/index.php(67): CodeIgniter\CodeIgniter->run()
CRITICAL - 2023-04-25 06:16:21 --> syntax error, unexpected token "if"
in APPPATH/Config/Routes.php on line 90.
 1 SYSTEMPATH/CodeIgniter.php(802): CodeIgniter\Router\RouteCollection->loadRoutes()
 2 SYSTEMPATH/CodeIgniter.php(449): CodeIgniter\CodeIgniter->tryToRouteIt()
 3 SYSTEMPATH/CodeIgniter.php(368): CodeIgniter\CodeIgniter->handleRequest()
 4 FCPATH/index.php(67): CodeIgniter\CodeIgniter->run()
CRITICAL - 2023-04-25 07:31:10 --> syntax error, unexpected token "echo"
in APPPATH/Controllers/ShoppingCart.php on line 24.
 1 SYSTEMPATH/Autoloader/Autoloader.php(289): CodeIgniter\Autoloader\Autoloader->includeFile()
 2 SYSTEMPATH/Autoloader/Autoloader.php(267): CodeIgniter\Autoloader\Autoloader->loadInNamespace()
 3 [internal function]: CodeIgniter\Autoloader\Autoloader->loadClass()
 4 SYSTEMPATH/CodeIgniter.php(892): class_exists()
 5 SYSTEMPATH/CodeIgniter.php(486): CodeIgniter\CodeIgniter->startController()
 6 SYSTEMPATH/CodeIgniter.php(368): CodeIgniter\CodeIgniter->handleRequest()
 7 FCPATH/index.php(67): CodeIgniter\CodeIgniter->run()
CRITICAL - 2023-04-25 07:45:28 --> syntax error, unexpected token "echo"
in APPPATH/Controllers/ShoppingCart.php on line 29.
 1 SYSTEMPATH/Autoloader/Autoloader.php(289): CodeIgniter\Autoloader\Autoloader->includeFile()
 2 SYSTEMPATH/Autoloader/Autoloader.php(267): CodeIgniter\Autoloader\Autoloader->loadInNamespace()
 3 [internal function]: CodeIgniter\Autoloader\Autoloader->loadClass()
 4 SYSTEMPATH/CodeIgniter.php(892): class_exists()
 5 SYSTEMPATH/CodeIgniter.php(486): CodeIgniter\CodeIgniter->startController()
 6 SYSTEMPATH/CodeIgniter.php(368): CodeIgniter\CodeIgniter->handleRequest()
 7 FCPATH/index.php(67): CodeIgniter\CodeIgniter->run()
CRITICAL - 2023-04-25 07:45:32 --> Undefined variable $id
in APPPATH/Controllers/ShoppingCart.php on line 15.
 1 APPPATH/Controllers/ShoppingCart.php(15): CodeIgniter\Debug\Exceptions->errorHandler()
 2 SYSTEMPATH/CodeIgniter.php(934): App\Controllers\ShoppingCart->index()
 3 SYSTEMPATH/CodeIgniter.php(499): CodeIgniter\CodeIgniter->runController()
 4 SYSTEMPATH/CodeIgniter.php(368): CodeIgniter\CodeIgniter->handleRequest()
 5 FCPATH/index.php(67): CodeIgniter\CodeIgniter->run()
CRITICAL - 2023-04-25 07:48:15 --> Unclosed '[' does not match ')'
in APPPATH/Controllers/ShoppingCart.php on line 29.
 1 SYSTEMPATH/Autoloader/Autoloader.php(289): CodeIgniter\Autoloader\Autoloader->includeFile()
 2 SYSTEMPATH/Autoloader/Autoloader.php(267): CodeIgniter\Autoloader\Autoloader->loadInNamespace()
 3 [internal function]: CodeIgniter\Autoloader\Autoloader->loadClass()
 4 SYSTEMPATH/CodeIgniter.php(892): class_exists()
 5 SYSTEMPATH/CodeIgniter.php(486): CodeIgniter\CodeIgniter->startController()
 6 SYSTEMPATH/CodeIgniter.php(368): CodeIgniter\CodeIgniter->handleRequest()
 7 FCPATH/index.php(67): CodeIgniter\CodeIgniter->run()
ERROR - 2023-04-25 07:48:22 --> mysqli_sql_exception: In aggregated query without GROUP BY, expression #4 of SELECT list contains nonaggregated column 'demo.courses.name'; this is incompatible with sql_mode=only_full_group_by in /var/www/htdocs/fitlearn/system/Database/MySQLi/Connection.php:295
Stack trace:
#0 /var/www/htdocs/fitlearn/system/Database/MySQLi/Connection.php(295): mysqli->query()
#1 /var/www/htdocs/fitlearn/system/Database/BaseConnection.php(691): CodeIgniter\Database\MySQLi\Connection->execute()
#2 /var/www/htdocs/fitlearn/system/Database/BaseConnection.php(605): CodeIgniter\Database\BaseConnection->simpleQuery()
#3 /var/www/htdocs/fitlearn/app/Models/User_model.php(180): CodeIgniter\Database\BaseConnection->query()
#4 /var/www/htdocs/fitlearn/app/Controllers/ShoppingCart.php(18): App\Models\User_model->sql_query()
#5 /var/www/htdocs/fitlearn/system/CodeIgniter.php(934): App\Controllers\ShoppingCart->index()
#6 /var/www/htdocs/fitlearn/system/CodeIgniter.php(499): CodeIgniter\CodeIgniter->runController()
#7 /var/www/htdocs/fitlearn/system/CodeIgniter.php(368): CodeIgniter\CodeIgniter->handleRequest()
#8 /var/www/htdocs/fitlearn/public/index.php(67): CodeIgniter\CodeIgniter->run()
#9 {main}
CRITICAL - 2023-04-25 07:48:22 --> In aggregated query without GROUP BY, expression #4 of SELECT list contains nonaggregated column 'demo.courses.name'; this is incompatible with sql_mode=only_full_group_by
in SYSTEMPATH/Database/BaseConnection.php on line 645.
 1 APPPATH/Models/User_model.php(180): CodeIgniter\Database\BaseConnection->query()
 2 APPPATH/Controllers/ShoppingCart.php(18): App\Models\User_model->sql_query()
 3 SYSTEMPATH/CodeIgniter.php(934): App\Controllers\ShoppingCart->index()
 4 SYSTEMPATH/CodeIgniter.php(499): CodeIgniter\CodeIgniter->runController()
 5 SYSTEMPATH/CodeIgniter.php(368): CodeIgniter\CodeIgniter->handleRequest()
 6 FCPATH/index.php(67): CodeIgniter\CodeIgniter->run()
CRITICAL - 2023-04-25 07:48:53 --> Call to undefined function App\Controllers\len()
in APPPATH/Controllers/ShoppingCart.php on line 29.
 1 SYSTEMPATH/CodeIgniter.php(934): App\Controllers\ShoppingCart->index()
 2 SYSTEMPATH/CodeIgniter.php(499): CodeIgniter\CodeIgniter->runController()
 3 SYSTEMPATH/CodeIgniter.php(368): CodeIgniter\CodeIgniter->handleRequest()
 4 FCPATH/index.php(67): CodeIgniter\CodeIgniter->run()
CRITICAL - 2023-04-25 07:48:59 --> Call to undefined function App\Controllers\size()
in APPPATH/Controllers/ShoppingCart.php on line 29.
 1 SYSTEMPATH/CodeIgniter.php(934): App\Controllers\ShoppingCart->index()
 2 SYSTEMPATH/CodeIgniter.php(499): CodeIgniter\CodeIgniter->runController()
 3 SYSTEMPATH/CodeIgniter.php(368): CodeIgniter\CodeIgniter->handleRequest()
 4 FCPATH/index.php(67): CodeIgniter\CodeIgniter->run()
CRITICAL - 2023-04-25 07:57:25 --> syntax error, unexpected token "=", expecting variable or "{" or "$"
in APPPATH/Controllers/ShoppingCart.php on line 18.
 1 SYSTEMPATH/Autoloader/Autoloader.php(289): CodeIgniter\Autoloader\Autoloader->includeFile()
 2 SYSTEMPATH/Autoloader/Autoloader.php(267): CodeIgniter\Autoloader\Autoloader->loadInNamespace()
 3 [internal function]: CodeIgniter\Autoloader\Autoloader->loadClass()
 4 SYSTEMPATH/CodeIgniter.php(892): class_exists()
 5 SYSTEMPATH/CodeIgniter.php(486): CodeIgniter\CodeIgniter->startController()
 6 SYSTEMPATH/CodeIgniter.php(368): CodeIgniter\CodeIgniter->handleRequest()
 7 FCPATH/index.php(67): CodeIgniter\CodeIgniter->run()
CRITICAL - 2023-04-25 08:02:05 --> syntax error, unexpected token "as", expecting ";"
in APPPATH/Views/shopping_cart.php on line 55.
 1 SYSTEMPATH/View/View.php(216): CodeIgniter\View\View->CodeIgniter\View\{closure}()
 2 SYSTEMPATH/Common.php(1184): CodeIgniter\View\View->render()
 3 APPPATH/Controllers/ShoppingCart.php(35): view()
 4 SYSTEMPATH/CodeIgniter.php(934): App\Controllers\ShoppingCart->index()
 5 SYSTEMPATH/CodeIgniter.php(499): CodeIgniter\CodeIgniter->runController()
 6 SYSTEMPATH/CodeIgniter.php(368): CodeIgniter\CodeIgniter->handleRequest()
 7 FCPATH/index.php(67): CodeIgniter\CodeIgniter->run()
CRITICAL - 2023-04-25 08:02:54 --> syntax error, unexpected token "as", expecting ";"
in APPPATH/Views/shopping_cart.php on line 55.
 1 SYSTEMPATH/View/View.php(216): CodeIgniter\View\View->CodeIgniter\View\{closure}()
 2 SYSTEMPATH/Common.php(1184): CodeIgniter\View\View->render()
 3 APPPATH/Controllers/ShoppingCart.php(35): view()
 4 SYSTEMPATH/CodeIgniter.php(934): App\Controllers\ShoppingCart->index()
 5 SYSTEMPATH/CodeIgniter.php(499): CodeIgniter\CodeIgniter->runController()
 6 SYSTEMPATH/CodeIgniter.php(368): CodeIgniter\CodeIgniter->handleRequest()
 7 FCPATH/index.php(67): CodeIgniter\CodeIgniter->run()
CRITICAL - 2023-04-25 08:04:17 --> Undefined variable $print_r
in APPPATH/Views/shopping_cart.php on line 57.
 1 APPPATH/Views/shopping_cart.php(57): CodeIgniter\Debug\Exceptions->errorHandler()
 2 SYSTEMPATH/View/View.php(213): include('APPPATH/Views/shopping_cart.php')
 3 SYSTEMPATH/View/View.php(216): CodeIgniter\View\View->CodeIgniter\View\{closure}()
 4 SYSTEMPATH/Common.php(1184): CodeIgniter\View\View->render()
 5 APPPATH/Controllers/ShoppingCart.php(35): view()
 6 SYSTEMPATH/CodeIgniter.php(934): App\Controllers\ShoppingCart->index()
 7 SYSTEMPATH/CodeIgniter.php(499): CodeIgniter\CodeIgniter->runController()
 8 SYSTEMPATH/CodeIgniter.php(368): CodeIgniter\CodeIgniter->handleRequest()
 9 FCPATH/index.php(67): CodeIgniter\CodeIgniter->run()
CRITICAL - 2023-04-25 08:09:23 --> Undefined variable $picPath
in APPPATH/Views/shopping_cart.php on line 68.
 1 APPPATH/Views/shopping_cart.php(68): CodeIgniter\Debug\Exceptions->errorHandler()
 2 SYSTEMPATH/View/View.php(213): include('APPPATH/Views/shopping_cart.php')
 3 SYSTEMPATH/View/View.php(216): CodeIgniter\View\View->CodeIgniter\View\{closure}()
 4 SYSTEMPATH/Common.php(1184): CodeIgniter\View\View->render()
 5 APPPATH/Controllers/ShoppingCart.php(35): view()
 6 SYSTEMPATH/CodeIgniter.php(934): App\Controllers\ShoppingCart->index()
 7 SYSTEMPATH/CodeIgniter.php(499): CodeIgniter\CodeIgniter->runController()
 8 SYSTEMPATH/CodeIgniter.php(368): CodeIgniter\CodeIgniter->handleRequest()
 9 FCPATH/index.php(67): CodeIgniter\CodeIgniter->run()
CRITICAL - 2023-04-25 11:42:43 --> syntax error, unexpected token "<"
in APPPATH/Views/shopping_cart.php on line 57.
 1 SYSTEMPATH/View/View.php(216): CodeIgniter\View\View->CodeIgniter\View\{closure}()
 2 SYSTEMPATH/Common.php(1184): CodeIgniter\View\View->render()
 3 APPPATH/Controllers/ShoppingCart.php(37): view()
 4 SYSTEMPATH/CodeIgniter.php(934): App\Controllers\ShoppingCart->index()
 5 SYSTEMPATH/CodeIgniter.php(499): CodeIgniter\CodeIgniter->runController()
 6 SYSTEMPATH/CodeIgniter.php(368): CodeIgniter\CodeIgniter->handleRequest()
 7 FCPATH/index.php(67): CodeIgniter\CodeIgniter->run()
ERROR - 2023-04-25 11:49:22 --> mysqli_sql_exception: You have an error in your SQL syntax; check the manual that corresponds to your MySQL server version for the right syntax to use near '.uploadDate
            from shopping_cart 
            join users 
            ' at line 3 in /var/www/htdocs/fitlearn/system/Database/MySQLi/Connection.php:295
Stack trace:
#0 /var/www/htdocs/fitlearn/system/Database/MySQLi/Connection.php(295): mysqli->query()
#1 /var/www/htdocs/fitlearn/system/Database/BaseConnection.php(691): CodeIgniter\Database\MySQLi\Connection->execute()
#2 /var/www/htdocs/fitlearn/system/Database/BaseConnection.php(605): CodeIgniter\Database\BaseConnection->simpleQuery()
#3 /var/www/htdocs/fitlearn/app/Models/User_model.php(180): CodeIgniter\Database\BaseConnection->query()
#4 /var/www/htdocs/fitlearn/app/Controllers/ShoppingCart.php(19): App\Models\User_model->sql_query()
#5 /var/www/htdocs/fitlearn/system/CodeIgniter.php(934): App\Controllers\ShoppingCart->index()
#6 /var/www/htdocs/fitlearn/system/CodeIgniter.php(499): CodeIgniter\CodeIgniter->runController()
#7 /var/www/htdocs/fitlearn/system/CodeIgniter.php(368): CodeIgniter\CodeIgniter->handleRequest()
#8 /var/www/htdocs/fitlearn/public/index.php(67): CodeIgniter\CodeIgniter->run()
#9 {main}
CRITICAL - 2023-04-25 11:49:22 --> You have an error in your SQL syntax; check the manual that corresponds to your MySQL server version for the right syntax to use near '.uploadDate
            from shopping_cart 
            join users 
            ' at line 3
in SYSTEMPATH/Database/BaseConnection.php on line 645.
 1 APPPATH/Models/User_model.php(180): CodeIgniter\Database\BaseConnection->query()
 2 APPPATH/Controllers/ShoppingCart.php(19): App\Models\User_model->sql_query()
 3 SYSTEMPATH/CodeIgniter.php(934): App\Controllers\ShoppingCart->index()
 4 SYSTEMPATH/CodeIgniter.php(499): CodeIgniter\CodeIgniter->runController()
 5 SYSTEMPATH/CodeIgniter.php(368): CodeIgniter\CodeIgniter->handleRequest()
 6 FCPATH/index.php(67): CodeIgniter\CodeIgniter->run()
ERROR - 2023-04-25 11:49:43 --> mysqli_sql_exception: You have an error in your SQL syntax; check the manual that corresponds to your MySQL server version for the right syntax to use near '.uploadDate
            from shopping_cart 
            join users 
            ' at line 3 in /var/www/htdocs/fitlearn/system/Database/MySQLi/Connection.php:295
Stack trace:
#0 /var/www/htdocs/fitlearn/system/Database/MySQLi/Connection.php(295): mysqli->query()
#1 /var/www/htdocs/fitlearn/system/Database/BaseConnection.php(691): CodeIgniter\Database\MySQLi\Connection->execute()
#2 /var/www/htdocs/fitlearn/system/Database/BaseConnection.php(605): CodeIgniter\Database\BaseConnection->simpleQuery()
#3 /var/www/htdocs/fitlearn/app/Models/User_model.php(180): CodeIgniter\Database\BaseConnection->query()
#4 /var/www/htdocs/fitlearn/app/Controllers/ShoppingCart.php(19): App\Models\User_model->sql_query()
#5 /var/www/htdocs/fitlearn/system/CodeIgniter.php(934): App\Controllers\ShoppingCart->index()
#6 /var/www/htdocs/fitlearn/system/CodeIgniter.php(499): CodeIgniter\CodeIgniter->runController()
#7 /var/www/htdocs/fitlearn/system/CodeIgniter.php(368): CodeIgniter\CodeIgniter->handleRequest()
#8 /var/www/htdocs/fitlearn/public/index.php(67): CodeIgniter\CodeIgniter->run()
#9 {main}
CRITICAL - 2023-04-25 11:49:43 --> You have an error in your SQL syntax; check the manual that corresponds to your MySQL server version for the right syntax to use near '.uploadDate
            from shopping_cart 
            join users 
            ' at line 3
in SYSTEMPATH/Database/BaseConnection.php on line 645.
 1 APPPATH/Models/User_model.php(180): CodeIgniter\Database\BaseConnection->query()
 2 APPPATH/Controllers/ShoppingCart.php(19): App\Models\User_model->sql_query()
 3 SYSTEMPATH/CodeIgniter.php(934): App\Controllers\ShoppingCart->index()
 4 SYSTEMPATH/CodeIgniter.php(499): CodeIgniter\CodeIgniter->runController()
 5 SYSTEMPATH/CodeIgniter.php(368): CodeIgniter\CodeIgniter->handleRequest()
 6 FCPATH/index.php(67): CodeIgniter\CodeIgniter->run()
ERROR - 2023-04-25 11:49:44 --> mysqli_sql_exception: You have an error in your SQL syntax; check the manual that corresponds to your MySQL server version for the right syntax to use near '.uploadDate
            from shopping_cart 
            join users 
            ' at line 3 in /var/www/htdocs/fitlearn/system/Database/MySQLi/Connection.php:295
Stack trace:
#0 /var/www/htdocs/fitlearn/system/Database/MySQLi/Connection.php(295): mysqli->query()
#1 /var/www/htdocs/fitlearn/system/Database/BaseConnection.php(691): CodeIgniter\Database\MySQLi\Connection->execute()
#2 /var/www/htdocs/fitlearn/system/Database/BaseConnection.php(605): CodeIgniter\Database\BaseConnection->simpleQuery()
#3 /var/www/htdocs/fitlearn/app/Models/User_model.php(180): CodeIgniter\Database\BaseConnection->query()
#4 /var/www/htdocs/fitlearn/app/Controllers/ShoppingCart.php(19): App\Models\User_model->sql_query()
#5 /var/www/htdocs/fitlearn/system/CodeIgniter.php(934): App\Controllers\ShoppingCart->index()
#6 /var/www/htdocs/fitlearn/system/CodeIgniter.php(499): CodeIgniter\CodeIgniter->runController()
#7 /var/www/htdocs/fitlearn/system/CodeIgniter.php(368): CodeIgniter\CodeIgniter->handleRequest()
#8 /var/www/htdocs/fitlearn/public/index.php(67): CodeIgniter\CodeIgniter->run()
#9 {main}
CRITICAL - 2023-04-25 11:49:44 --> You have an error in your SQL syntax; check the manual that corresponds to your MySQL server version for the right syntax to use near '.uploadDate
            from shopping_cart 
            join users 
            ' at line 3
in SYSTEMPATH/Database/BaseConnection.php on line 645.
 1 APPPATH/Models/User_model.php(180): CodeIgniter\Database\BaseConnection->query()
 2 APPPATH/Controllers/ShoppingCart.php(19): App\Models\User_model->sql_query()
 3 SYSTEMPATH/CodeIgniter.php(934): App\Controllers\ShoppingCart->index()
 4 SYSTEMPATH/CodeIgniter.php(499): CodeIgniter\CodeIgniter->runController()
 5 SYSTEMPATH/CodeIgniter.php(368): CodeIgniter\CodeIgniter->handleRequest()
 6 FCPATH/index.php(67): CodeIgniter\CodeIgniter->run()
CRITICAL - 2023-04-25 11:50:13 --> syntax error, unexpected single-quoted string ""></input>", expecting "," or ";"
in APPPATH/Views/shopping_cart.php on line 56.
 1 SYSTEMPATH/View/View.php(216): CodeIgniter\View\View->CodeIgniter\View\{closure}()
 2 SYSTEMPATH/Common.php(1184): CodeIgniter\View\View->render()
 3 APPPATH/Controllers/ShoppingCart.php(37): view()
 4 SYSTEMPATH/CodeIgniter.php(934): App\Controllers\ShoppingCart->index()
 5 SYSTEMPATH/CodeIgniter.php(499): CodeIgniter\CodeIgniter->runController()
 6 SYSTEMPATH/CodeIgniter.php(368): CodeIgniter\CodeIgniter->handleRequest()
 7 FCPATH/index.php(67): CodeIgniter\CodeIgniter->run()
ERROR - 2023-04-25 11:50:28 --> mysqli_sql_exception: Unknown column 'course.id' in 'field list' in /var/www/htdocs/fitlearn/system/Database/MySQLi/Connection.php:295
Stack trace:
#0 /var/www/htdocs/fitlearn/system/Database/MySQLi/Connection.php(295): mysqli->query()
#1 /var/www/htdocs/fitlearn/system/Database/BaseConnection.php(691): CodeIgniter\Database\MySQLi\Connection->execute()
#2 /var/www/htdocs/fitlearn/system/Database/BaseConnection.php(605): CodeIgniter\Database\BaseConnection->simpleQuery()
#3 /var/www/htdocs/fitlearn/app/Models/User_model.php(180): CodeIgniter\Database\BaseConnection->query()
#4 /var/www/htdocs/fitlearn/app/Controllers/ShoppingCart.php(19): App\Models\User_model->sql_query()
#5 /var/www/htdocs/fitlearn/system/CodeIgniter.php(934): App\Controllers\ShoppingCart->index()
#6 /var/www/htdocs/fitlearn/system/CodeIgniter.php(499): CodeIgniter\CodeIgniter->runController()
#7 /var/www/htdocs/fitlearn/system/CodeIgniter.php(368): CodeIgniter\CodeIgniter->handleRequest()
#8 /var/www/htdocs/fitlearn/public/index.php(67): CodeIgniter\CodeIgniter->run()
#9 {main}
CRITICAL - 2023-04-25 11:50:28 --> Unknown column 'course.id' in 'field list'
in SYSTEMPATH/Database/BaseConnection.php on line 645.
 1 APPPATH/Models/User_model.php(180): CodeIgniter\Database\BaseConnection->query()
 2 APPPATH/Controllers/ShoppingCart.php(19): App\Models\User_model->sql_query()
 3 SYSTEMPATH/CodeIgniter.php(934): App\Controllers\ShoppingCart->index()
 4 SYSTEMPATH/CodeIgniter.php(499): CodeIgniter\CodeIgniter->runController()
 5 SYSTEMPATH/CodeIgniter.php(368): CodeIgniter\CodeIgniter->handleRequest()
 6 FCPATH/index.php(67): CodeIgniter\CodeIgniter->run()
CRITICAL - 2023-04-25 11:50:33 --> syntax error, unexpected single-quoted string ""></input>", expecting "," or ";"
in APPPATH/Views/shopping_cart.php on line 56.
 1 SYSTEMPATH/View/View.php(216): CodeIgniter\View\View->CodeIgniter\View\{closure}()
 2 SYSTEMPATH/Common.php(1184): CodeIgniter\View\View->render()
 3 APPPATH/Controllers/ShoppingCart.php(37): view()
 4 SYSTEMPATH/CodeIgniter.php(934): App\Controllers\ShoppingCart->index()
 5 SYSTEMPATH/CodeIgniter.php(499): CodeIgniter\CodeIgniter->runController()
 6 SYSTEMPATH/CodeIgniter.php(368): CodeIgniter\CodeIgniter->handleRequest()
 7 FCPATH/index.php(67): CodeIgniter\CodeIgniter->run()
CRITICAL - 2023-04-25 11:51:49 --> syntax error, unexpected single-quoted string ""></input>", expecting "," or ";"
in APPPATH/Views/shopping_cart.php on line 56.
 1 SYSTEMPATH/View/View.php(216): CodeIgniter\View\View->CodeIgniter\View\{closure}()
 2 SYSTEMPATH/Common.php(1184): CodeIgniter\View\View->render()
 3 APPPATH/Controllers/ShoppingCart.php(37): view()
 4 SYSTEMPATH/CodeIgniter.php(934): App\Controllers\ShoppingCart->index()
 5 SYSTEMPATH/CodeIgniter.php(499): CodeIgniter\CodeIgniter->runController()
 6 SYSTEMPATH/CodeIgniter.php(368): CodeIgniter\CodeIgniter->handleRequest()
 7 FCPATH/index.php(67): CodeIgniter\CodeIgniter->run()
CRITICAL - 2023-04-25 12:02:06 --> syntax error, unexpected string content "shipping_cart"));"
in APPPATH/Controllers/ShoppingCart.php on line 73.
 1 SYSTEMPATH/Autoloader/Autoloader.php(289): CodeIgniter\Autoloader\Autoloader->includeFile()
 2 SYSTEMPATH/Autoloader/Autoloader.php(267): CodeIgniter\Autoloader\Autoloader->loadInNamespace()
 3 [internal function]: CodeIgniter\Autoloader\Autoloader->loadClass()
 4 SYSTEMPATH/CodeIgniter.php(892): class_exists()
 5 SYSTEMPATH/CodeIgniter.php(486): CodeIgniter\CodeIgniter->startController()
 6 SYSTEMPATH/CodeIgniter.php(368): CodeIgniter\CodeIgniter->handleRequest()
 7 FCPATH/index.php(67): CodeIgniter\CodeIgniter->run()
CRITICAL - 2023-04-25 12:02:58 --> syntax error, unexpected string content "shipping_cart"));"
in APPPATH/Controllers/ShoppingCart.php on line 73.
 1 SYSTEMPATH/Autoloader/Autoloader.php(289): CodeIgniter\Autoloader\Autoloader->includeFile()
 2 SYSTEMPATH/Autoloader/Autoloader.php(267): CodeIgniter\Autoloader\Autoloader->loadInNamespace()
 3 [internal function]: CodeIgniter\Autoloader\Autoloader->loadClass()
 4 SYSTEMPATH/CodeIgniter.php(892): class_exists()
 5 SYSTEMPATH/CodeIgniter.php(486): CodeIgniter\CodeIgniter->startController()
 6 SYSTEMPATH/CodeIgniter.php(368): CodeIgniter\CodeIgniter->handleRequest()
 7 FCPATH/index.php(67): CodeIgniter\CodeIgniter->run()
ERROR - 2023-04-25 12:03:03 --> mysqli_sql_exception: Table 'demo.shipping_cart' doesn't exist in /var/www/htdocs/fitlearn/system/Database/MySQLi/Connection.php:295
Stack trace:
#0 /var/www/htdocs/fitlearn/system/Database/MySQLi/Connection.php(295): mysqli->query()
#1 /var/www/htdocs/fitlearn/system/Database/BaseConnection.php(691): CodeIgniter\Database\MySQLi\Connection->execute()
#2 /var/www/htdocs/fitlearn/system/Database/BaseConnection.php(605): CodeIgniter\Database\BaseConnection->simpleQuery()
#3 /var/www/htdocs/fitlearn/system/Database/BaseBuilder.php(2791): CodeIgniter\Database\BaseConnection->query()
#4 /var/www/htdocs/fitlearn/app/Models/User_model.php(182): CodeIgniter\Database\BaseBuilder->delete()
#5 /var/www/htdocs/fitlearn/app/Controllers/ShoppingCart.php(71): App\Models\User_model->shipping_cart_delete()
#6 /var/www/htdocs/fitlearn/system/CodeIgniter.php(934): App\Controllers\ShoppingCart->remove_course()
#7 /var/www/htdocs/fitlearn/system/CodeIgniter.php(499): CodeIgniter\CodeIgniter->runController()
#8 /var/www/htdocs/fitlearn/system/CodeIgniter.php(368): CodeIgniter\CodeIgniter->handleRequest()
#9 /var/www/htdocs/fitlearn/public/index.php(67): CodeIgniter\CodeIgniter->run()
#10 {main}
CRITICAL - 2023-04-25 12:03:03 --> Table 'demo.shipping_cart' doesn't exist
in SYSTEMPATH/Database/BaseConnection.php on line 645.
 1 SYSTEMPATH/Database/BaseBuilder.php(2791): CodeIgniter\Database\BaseConnection->query()
 2 APPPATH/Models/User_model.php(182): CodeIgniter\Database\BaseBuilder->delete()
 3 APPPATH/Controllers/ShoppingCart.php(71): App\Models\User_model->shipping_cart_delete()
 4 SYSTEMPATH/CodeIgniter.php(934): App\Controllers\ShoppingCart->remove_course()
 5 SYSTEMPATH/CodeIgniter.php(499): CodeIgniter\CodeIgniter->runController()
 6 SYSTEMPATH/CodeIgniter.php(368): CodeIgniter\CodeIgniter->handleRequest()
 7 FCPATH/index.php(67): CodeIgniter\CodeIgniter->run()
ERROR - 2023-04-25 12:03:13 --> mysqli_sql_exception: Table 'demo.shipping_cart' doesn't exist in /var/www/htdocs/fitlearn/system/Database/MySQLi/Connection.php:295
Stack trace:
#0 /var/www/htdocs/fitlearn/system/Database/MySQLi/Connection.php(295): mysqli->query()
#1 /var/www/htdocs/fitlearn/system/Database/BaseConnection.php(691): CodeIgniter\Database\MySQLi\Connection->execute()
#2 /var/www/htdocs/fitlearn/system/Database/BaseConnection.php(605): CodeIgniter\Database\BaseConnection->simpleQuery()
#3 /var/www/htdocs/fitlearn/system/Database/BaseBuilder.php(2791): CodeIgniter\Database\BaseConnection->query()
#4 /var/www/htdocs/fitlearn/app/Models/User_model.php(182): CodeIgniter\Database\BaseBuilder->delete()
#5 /var/www/htdocs/fitlearn/app/Controllers/ShoppingCart.php(71): App\Models\User_model->shipping_cart_delete()
#6 /var/www/htdocs/fitlearn/system/CodeIgniter.php(934): App\Controllers\ShoppingCart->remove_course()
#7 /var/www/htdocs/fitlearn/system/CodeIgniter.php(499): CodeIgniter\CodeIgniter->runController()
#8 /var/www/htdocs/fitlearn/system/CodeIgniter.php(368): CodeIgniter\CodeIgniter->handleRequest()
#9 /var/www/htdocs/fitlearn/public/index.php(67): CodeIgniter\CodeIgniter->run()
#10 {main}
CRITICAL - 2023-04-25 12:03:13 --> Table 'demo.shipping_cart' doesn't exist
in SYSTEMPATH/Database/BaseConnection.php on line 645.
 1 SYSTEMPATH/Database/BaseBuilder.php(2791): CodeIgniter\Database\BaseConnection->query()
 2 APPPATH/Models/User_model.php(182): CodeIgniter\Database\BaseBuilder->delete()
 3 APPPATH/Controllers/ShoppingCart.php(71): App\Models\User_model->shipping_cart_delete()
 4 SYSTEMPATH/CodeIgniter.php(934): App\Controllers\ShoppingCart->remove_course()
 5 SYSTEMPATH/CodeIgniter.php(499): CodeIgniter\CodeIgniter->runController()
 6 SYSTEMPATH/CodeIgniter.php(368): CodeIgniter\CodeIgniter->handleRequest()
 7 FCPATH/index.php(67): CodeIgniter\CodeIgniter->run()
ERROR - 2023-04-25 12:03:21 --> mysqli_sql_exception: Table 'demo.shipping_cart' doesn't exist in /var/www/htdocs/fitlearn/system/Database/MySQLi/Connection.php:295
Stack trace:
#0 /var/www/htdocs/fitlearn/system/Database/MySQLi/Connection.php(295): mysqli->query()
#1 /var/www/htdocs/fitlearn/system/Database/BaseConnection.php(691): CodeIgniter\Database\MySQLi\Connection->execute()
#2 /var/www/htdocs/fitlearn/system/Database/BaseConnection.php(605): CodeIgniter\Database\BaseConnection->simpleQuery()
#3 /var/www/htdocs/fitlearn/system/Database/BaseBuilder.php(2791): CodeIgniter\Database\BaseConnection->query()
#4 /var/www/htdocs/fitlearn/app/Models/User_model.php(182): CodeIgniter\Database\BaseBuilder->delete()
#5 /var/www/htdocs/fitlearn/app/Controllers/ShoppingCart.php(71): App\Models\User_model->shipping_cart_delete()
#6 /var/www/htdocs/fitlearn/system/CodeIgniter.php(934): App\Controllers\ShoppingCart->remove_course()
#7 /var/www/htdocs/fitlearn/system/CodeIgniter.php(499): CodeIgniter\CodeIgniter->runController()
#8 /var/www/htdocs/fitlearn/system/CodeIgniter.php(368): CodeIgniter\CodeIgniter->handleRequest()
#9 /var/www/htdocs/fitlearn/public/index.php(67): CodeIgniter\CodeIgniter->run()
#10 {main}
CRITICAL - 2023-04-25 12:03:21 --> Table 'demo.shipping_cart' doesn't exist
in SYSTEMPATH/Database/BaseConnection.php on line 645.
 1 SYSTEMPATH/Database/BaseBuilder.php(2791): CodeIgniter\Database\BaseConnection->query()
 2 APPPATH/Models/User_model.php(182): CodeIgniter\Database\BaseBuilder->delete()
 3 APPPATH/Controllers/ShoppingCart.php(71): App\Models\User_model->shipping_cart_delete()
 4 SYSTEMPATH/CodeIgniter.php(934): App\Controllers\ShoppingCart->remove_course()
 5 SYSTEMPATH/CodeIgniter.php(499): CodeIgniter\CodeIgniter->runController()
 6 SYSTEMPATH/CodeIgniter.php(368): CodeIgniter\CodeIgniter->handleRequest()
 7 FCPATH/index.php(67): CodeIgniter\CodeIgniter->run()
CRITICAL - 2023-04-25 12:43:00 --> Array to string conversion
in APPPATH/Controllers/Course.php on line 143.
 1 APPPATH/Controllers/Course.php(143): CodeIgniter\Debug\Exceptions->errorHandler()
 2 SYSTEMPATH/CodeIgniter.php(934): App\Controllers\Course->display_course()
 3 SYSTEMPATH/CodeIgniter.php(499): CodeIgniter\CodeIgniter->runController()
 4 SYSTEMPATH/CodeIgniter.php(368): CodeIgniter\CodeIgniter->handleRequest()
 5 FCPATH/index.php(67): CodeIgniter\CodeIgniter->run()
CRITICAL - 2023-04-25 12:43:42 --> Array to string conversion
in APPPATH/Controllers/Course.php on line 143.
 1 APPPATH/Controllers/Course.php(143): CodeIgniter\Debug\Exceptions->errorHandler()
 2 SYSTEMPATH/CodeIgniter.php(934): App\Controllers\Course->display_course()
 3 SYSTEMPATH/CodeIgniter.php(499): CodeIgniter\CodeIgniter->runController()
 4 SYSTEMPATH/CodeIgniter.php(368): CodeIgniter\CodeIgniter->handleRequest()
 5 FCPATH/index.php(67): CodeIgniter\CodeIgniter->run()
CRITICAL - 2023-04-25 12:43:43 --> Array to string conversion
in APPPATH/Controllers/Course.php on line 143.
 1 APPPATH/Controllers/Course.php(143): CodeIgniter\Debug\Exceptions->errorHandler()
 2 SYSTEMPATH/CodeIgniter.php(934): App\Controllers\Course->display_course()
 3 SYSTEMPATH/CodeIgniter.php(499): CodeIgniter\CodeIgniter->runController()
 4 SYSTEMPATH/CodeIgniter.php(368): CodeIgniter\CodeIgniter->handleRequest()
 5 FCPATH/index.php(67): CodeIgniter\CodeIgniter->run()
CRITICAL - 2023-04-25 12:43:55 --> Array to string conversion
in APPPATH/Controllers/Course.php on line 143.
 1 APPPATH/Controllers/Course.php(143): CodeIgniter\Debug\Exceptions->errorHandler()
 2 SYSTEMPATH/CodeIgniter.php(934): App\Controllers\Course->display_course()
 3 SYSTEMPATH/CodeIgniter.php(499): CodeIgniter\CodeIgniter->runController()
 4 SYSTEMPATH/CodeIgniter.php(368): CodeIgniter\CodeIgniter->handleRequest()
 5 FCPATH/index.php(67): CodeIgniter\CodeIgniter->run()
CRITICAL - 2023-04-25 12:44:19 --> Undefined variable $currendId
in APPPATH/Controllers/Course.php on line 145.
 1 APPPATH/Controllers/Course.php(145): CodeIgniter\Debug\Exceptions->errorHandler()
 2 SYSTEMPATH/CodeIgniter.php(934): App\Controllers\Course->display_course()
 3 SYSTEMPATH/CodeIgniter.php(499): CodeIgniter\CodeIgniter->runController()
 4 SYSTEMPATH/CodeIgniter.php(368): CodeIgniter\CodeIgniter->handleRequest()
 5 FCPATH/index.php(67): CodeIgniter\CodeIgniter->run()
CRITICAL - 2023-04-25 12:44:20 --> Undefined variable $currendId
in APPPATH/Controllers/Course.php on line 145.
 1 APPPATH/Controllers/Course.php(145): CodeIgniter\Debug\Exceptions->errorHandler()
 2 SYSTEMPATH/CodeIgniter.php(934): App\Controllers\Course->display_course()
 3 SYSTEMPATH/CodeIgniter.php(499): CodeIgniter\CodeIgniter->runController()
 4 SYSTEMPATH/CodeIgniter.php(368): CodeIgniter\CodeIgniter->handleRequest()
 5 FCPATH/index.php(67): CodeIgniter\CodeIgniter->run()
CRITICAL - 2023-04-25 12:44:21 --> Undefined variable $currendId
in APPPATH/Controllers/Course.php on line 145.
 1 APPPATH/Controllers/Course.php(145): CodeIgniter\Debug\Exceptions->errorHandler()
 2 SYSTEMPATH/CodeIgniter.php(934): App\Controllers\Course->display_course()
 3 SYSTEMPATH/CodeIgniter.php(499): CodeIgniter\CodeIgniter->runController()
 4 SYSTEMPATH/CodeIgniter.php(368): CodeIgniter\CodeIgniter->handleRequest()
 5 FCPATH/index.php(67): CodeIgniter\CodeIgniter->run()
CRITICAL - 2023-04-25 12:45:23 --> Undefined variable $model
in APPPATH/Controllers/Course.php on line 124.
 1 APPPATH/Controllers/Course.php(124): CodeIgniter\Debug\Exceptions->errorHandler()
 2 SYSTEMPATH/CodeIgniter.php(934): App\Controllers\Course->display_course()
 3 SYSTEMPATH/CodeIgniter.php(499): CodeIgniter\CodeIgniter->runController()
 4 SYSTEMPATH/CodeIgniter.php(368): CodeIgniter\CodeIgniter->handleRequest()
 5 FCPATH/index.php(67): CodeIgniter\CodeIgniter->run()
CRITICAL - 2023-04-25 12:45:24 --> Undefined variable $model
in APPPATH/Controllers/Course.php on line 124.
 1 APPPATH/Controllers/Course.php(124): CodeIgniter\Debug\Exceptions->errorHandler()
 2 SYSTEMPATH/CodeIgniter.php(934): App\Controllers\Course->display_course()
 3 SYSTEMPATH/CodeIgniter.php(499): CodeIgniter\CodeIgniter->runController()
 4 SYSTEMPATH/CodeIgniter.php(368): CodeIgniter\CodeIgniter->handleRequest()
 5 FCPATH/index.php(67): CodeIgniter\CodeIgniter->run()
CRITICAL - 2023-04-25 12:48:17 --> syntax error, unexpected token "}"
in APPPATH/Controllers/Course.php on line 149.
 1 SYSTEMPATH/Autoloader/Autoloader.php(289): CodeIgniter\Autoloader\Autoloader->includeFile()
 2 SYSTEMPATH/Autoloader/Autoloader.php(267): CodeIgniter\Autoloader\Autoloader->loadInNamespace()
 3 [internal function]: CodeIgniter\Autoloader\Autoloader->loadClass()
 4 SYSTEMPATH/CodeIgniter.php(892): class_exists()
 5 SYSTEMPATH/CodeIgniter.php(486): CodeIgniter\CodeIgniter->startController()
 6 SYSTEMPATH/CodeIgniter.php(368): CodeIgniter\CodeIgniter->handleRequest()
 7 FCPATH/index.php(67): CodeIgniter\CodeIgniter->run()
CRITICAL - 2023-04-25 12:53:21 --> syntax error, unexpected token "return"
in APPPATH/Controllers/ShoppingCart.php on line 62.
 1 SYSTEMPATH/Autoloader/Autoloader.php(289): CodeIgniter\Autoloader\Autoloader->includeFile()
 2 SYSTEMPATH/Autoloader/Autoloader.php(267): CodeIgniter\Autoloader\Autoloader->loadInNamespace()
 3 [internal function]: CodeIgniter\Autoloader\Autoloader->loadClass()
 4 SYSTEMPATH/CodeIgniter.php(892): class_exists()
 5 SYSTEMPATH/CodeIgniter.php(486): CodeIgniter\CodeIgniter->startController()
 6 SYSTEMPATH/CodeIgniter.php(368): CodeIgniter\CodeIgniter->handleRequest()
 7 FCPATH/index.php(67): CodeIgniter\CodeIgniter->run()
CRITICAL - 2023-04-25 12:53:30 --> syntax error, unexpected token "}"
in APPPATH/Controllers/ShoppingCart.php on line 63.
 1 SYSTEMPATH/Autoloader/Autoloader.php(289): CodeIgniter\Autoloader\Autoloader->includeFile()
 2 SYSTEMPATH/Autoloader/Autoloader.php(267): CodeIgniter\Autoloader\Autoloader->loadInNamespace()
 3 [internal function]: CodeIgniter\Autoloader\Autoloader->loadClass()
 4 SYSTEMPATH/CodeIgniter.php(892): class_exists()
 5 SYSTEMPATH/CodeIgniter.php(486): CodeIgniter\CodeIgniter->startController()
 6 SYSTEMPATH/CodeIgniter.php(368): CodeIgniter\CodeIgniter->handleRequest()
 7 FCPATH/index.php(67): CodeIgniter\CodeIgniter->run()
CRITICAL - 2023-04-25 15:42:45 --> syntax error, unexpected token "else"
in APPPATH/Controllers/Login.php on line 88.
 1 SYSTEMPATH/Autoloader/Autoloader.php(289): CodeIgniter\Autoloader\Autoloader->includeFile()
 2 SYSTEMPATH/Autoloader/Autoloader.php(267): CodeIgniter\Autoloader\Autoloader->loadInNamespace()
 3 [internal function]: CodeIgniter\Autoloader\Autoloader->loadClass()
 4 SYSTEMPATH/CodeIgniter.php(892): class_exists()
 5 SYSTEMPATH/CodeIgniter.php(486): CodeIgniter\CodeIgniter->startController()
 6 SYSTEMPATH/CodeIgniter.php(368): CodeIgniter\CodeIgniter->handleRequest()
 7 FCPATH/index.php(67): CodeIgniter\CodeIgniter->run()
CRITICAL - 2023-04-25 15:43:26 --> syntax error, unexpected token "else"
in APPPATH/Controllers/Login.php on line 85.
 1 SYSTEMPATH/Autoloader/Autoloader.php(289): CodeIgniter\Autoloader\Autoloader->includeFile()
 2 SYSTEMPATH/Autoloader/Autoloader.php(267): CodeIgniter\Autoloader\Autoloader->loadInNamespace()
 3 [internal function]: CodeIgniter\Autoloader\Autoloader->loadClass()
 4 SYSTEMPATH/CodeIgniter.php(892): class_exists()
 5 SYSTEMPATH/CodeIgniter.php(486): CodeIgniter\CodeIgniter->startController()
 6 SYSTEMPATH/CodeIgniter.php(368): CodeIgniter\CodeIgniter->handleRequest()
 7 FCPATH/index.php(67): CodeIgniter\CodeIgniter->run()
CRITICAL - 2023-04-25 15:44:27 --> Call to undefined method CodeIgniter\HTTP\IncomingRequest::ip_address()
in APPPATH/Controllers/Login.php on line 43.
 1 SYSTEMPATH/CodeIgniter.php(934): App\Controllers\Login->check_login()
 2 SYSTEMPATH/CodeIgniter.php(499): CodeIgniter\CodeIgniter->runController()
 3 SYSTEMPATH/CodeIgniter.php(368): CodeIgniter\CodeIgniter->handleRequest()
 4 FCPATH/index.php(67): CodeIgniter\CodeIgniter->run()
CRITICAL - 2023-04-25 16:23:50 --> Undefined array key "username"
in APPPATH/Views/login.php on line 10.
 1 APPPATH/Views/login.php(10): CodeIgniter\Debug\Exceptions->errorHandler()
 2 SYSTEMPATH/View/View.php(213): include('APPPATH/Views/login.php')
 3 SYSTEMPATH/View/View.php(216): CodeIgniter\View\View->CodeIgniter\View\{closure}()
 4 SYSTEMPATH/Common.php(1184): CodeIgniter\View\View->render()
 5 APPPATH/Controllers/Login.php(87): view()
 6 SYSTEMPATH/CodeIgniter.php(934): App\Controllers\Login->check_login()
 7 SYSTEMPATH/CodeIgniter.php(499): CodeIgniter\CodeIgniter->runController()
 8 SYSTEMPATH/CodeIgniter.php(368): CodeIgniter\CodeIgniter->handleRequest()
 9 FCPATH/index.php(67): CodeIgniter\CodeIgniter->run()
CRITICAL - 2023-04-25 16:26:47 --> Undefined variable $password
in APPPATH/Views/login.php on line 13.
 1 APPPATH/Views/login.php(13): CodeIgniter\Debug\Exceptions->errorHandler()
 2 SYSTEMPATH/View/View.php(213): include('APPPATH/Views/login.php')
 3 SYSTEMPATH/View/View.php(216): CodeIgniter\View\View->CodeIgniter\View\{closure}()
 4 SYSTEMPATH/Common.php(1184): CodeIgniter\View\View->render()
 5 APPPATH/Controllers/Login.php(18): view()
 6 SYSTEMPATH/CodeIgniter.php(934): App\Controllers\Login->index()
 7 SYSTEMPATH/CodeIgniter.php(499): CodeIgniter\CodeIgniter->runController()
 8 SYSTEMPATH/CodeIgniter.php(368): CodeIgniter\CodeIgniter->handleRequest()
 9 FCPATH/index.php(67): CodeIgniter\CodeIgniter->run()
CRITICAL - 2023-04-25 16:27:46 --> Undefined variable $password
in APPPATH/Views/login.php on line 13.
 1 APPPATH/Views/login.php(13): CodeIgniter\Debug\Exceptions->errorHandler()
 2 SYSTEMPATH/View/View.php(213): include('APPPATH/Views/login.php')
 3 SYSTEMPATH/View/View.php(216): CodeIgniter\View\View->CodeIgniter\View\{closure}()
 4 SYSTEMPATH/Common.php(1184): CodeIgniter\View\View->render()
 5 APPPATH/Controllers/Login.php(18): view()
 6 SYSTEMPATH/CodeIgniter.php(934): App\Controllers\Login->index()
 7 SYSTEMPATH/CodeIgniter.php(499): CodeIgniter\CodeIgniter->runController()
 8 SYSTEMPATH/CodeIgniter.php(368): CodeIgniter\CodeIgniter->handleRequest()
 9 FCPATH/index.php(67): CodeIgniter\CodeIgniter->run()
CRITICAL - 2023-04-25 16:27:46 --> Undefined variable $password
in APPPATH/Views/login.php on line 13.
 1 APPPATH/Views/login.php(13): CodeIgniter\Debug\Exceptions->errorHandler()
 2 SYSTEMPATH/View/View.php(213): include('APPPATH/Views/login.php')
 3 SYSTEMPATH/View/View.php(216): CodeIgniter\View\View->CodeIgniter\View\{closure}()
 4 SYSTEMPATH/Common.php(1184): CodeIgniter\View\View->render()
 5 APPPATH/Controllers/Login.php(18): view()
 6 SYSTEMPATH/CodeIgniter.php(934): App\Controllers\Login->index()
 7 SYSTEMPATH/CodeIgniter.php(499): CodeIgniter\CodeIgniter->runController()
 8 SYSTEMPATH/CodeIgniter.php(368): CodeIgniter\CodeIgniter->handleRequest()
 9 FCPATH/index.php(67): CodeIgniter\CodeIgniter->run()
CRITICAL - 2023-04-25 16:28:22 --> Undefined variable $password
in APPPATH/Views/login.php on line 13.
 1 APPPATH/Views/login.php(13): CodeIgniter\Debug\Exceptions->errorHandler()
 2 SYSTEMPATH/View/View.php(213): include('APPPATH/Views/login.php')
 3 SYSTEMPATH/View/View.php(216): CodeIgniter\View\View->CodeIgniter\View\{closure}()
 4 SYSTEMPATH/Common.php(1184): CodeIgniter\View\View->render()
 5 APPPATH/Controllers/Login.php(18): view()
 6 SYSTEMPATH/CodeIgniter.php(934): App\Controllers\Login->index()
 7 SYSTEMPATH/CodeIgniter.php(499): CodeIgniter\CodeIgniter->runController()
 8 SYSTEMPATH/CodeIgniter.php(368): CodeIgniter\CodeIgniter->handleRequest()
 9 FCPATH/index.php(67): CodeIgniter\CodeIgniter->run()
CRITICAL - 2023-04-25 16:28:22 --> Undefined variable $password
in APPPATH/Views/login.php on line 13.
 1 APPPATH/Views/login.php(13): CodeIgniter\Debug\Exceptions->errorHandler()
 2 SYSTEMPATH/View/View.php(213): include('APPPATH/Views/login.php')
 3 SYSTEMPATH/View/View.php(216): CodeIgniter\View\View->CodeIgniter\View\{closure}()
 4 SYSTEMPATH/Common.php(1184): CodeIgniter\View\View->render()
 5 APPPATH/Controllers/Login.php(18): view()
 6 SYSTEMPATH/CodeIgniter.php(934): App\Controllers\Login->index()
 7 SYSTEMPATH/CodeIgniter.php(499): CodeIgniter\CodeIgniter->runController()
 8 SYSTEMPATH/CodeIgniter.php(368): CodeIgniter\CodeIgniter->handleRequest()
 9 FCPATH/index.php(67): CodeIgniter\CodeIgniter->run()
CRITICAL - 2023-04-25 16:28:24 --> Undefined variable $password
in APPPATH/Views/login.php on line 13.
 1 APPPATH/Views/login.php(13): CodeIgniter\Debug\Exceptions->errorHandler()
 2 SYSTEMPATH/View/View.php(213): include('APPPATH/Views/login.php')
 3 SYSTEMPATH/View/View.php(216): CodeIgniter\View\View->CodeIgniter\View\{closure}()
 4 SYSTEMPATH/Common.php(1184): CodeIgniter\View\View->render()
 5 APPPATH/Controllers/Login.php(18): view()
 6 SYSTEMPATH/CodeIgniter.php(934): App\Controllers\Login->index()
 7 SYSTEMPATH/CodeIgniter.php(499): CodeIgniter\CodeIgniter->runController()
 8 SYSTEMPATH/CodeIgniter.php(368): CodeIgniter\CodeIgniter->handleRequest()
 9 FCPATH/index.php(67): CodeIgniter\CodeIgniter->run()
CRITICAL - 2023-04-25 16:28:24 --> Undefined variable $password
in APPPATH/Views/login.php on line 13.
 1 APPPATH/Views/login.php(13): CodeIgniter\Debug\Exceptions->errorHandler()
 2 SYSTEMPATH/View/View.php(213): include('APPPATH/Views/login.php')
 3 SYSTEMPATH/View/View.php(216): CodeIgniter\View\View->CodeIgniter\View\{closure}()
 4 SYSTEMPATH/Common.php(1184): CodeIgniter\View\View->render()
 5 APPPATH/Controllers/Login.php(18): view()
 6 SYSTEMPATH/CodeIgniter.php(934): App\Controllers\Login->index()
 7 SYSTEMPATH/CodeIgniter.php(499): CodeIgniter\CodeIgniter->runController()
 8 SYSTEMPATH/CodeIgniter.php(368): CodeIgniter\CodeIgniter->handleRequest()
 9 FCPATH/index.php(67): CodeIgniter\CodeIgniter->run()
ERROR - 2023-04-25 16:45:27 --> Email: Unable to send email using SMTP. Your server might not be configured to send mail using this method.
ERROR - 2023-04-25 16:45:27 --> Invalid email address: "s45857.edu.au"
220 mailhub.eait.uq.edu.au ESMTP Sendmail 8.15.1/8.15.1; Wed, 26 Apr 2023 02:45:26 +1000 (AEST)

hello: 250-mailhub.eait.uq.edu.au Hello infs3202-908127e8.zones.eait.uq.edu.au [172.23.81.177], pleased to meet you
250-ENHANCEDSTATUSCODES
250-PIPELINING
250-8BITMIME
250-SIZE 67108864
250-DSN
250-ETRN
250-STARTTLS
250-DELIVERBY
250 HELP

from: 250 2.1.0 <donotreply@fitlearn.com>... Sender ok

to: 550 5.1.1 <s45857.edu.au>... User unknown

The following SMTP error was encountered: 550 5.1.1 <s45857.edu.au>... User unknown

quit: 221 2.0.0 mailhub.eait.uq.edu.au closing connection

ERROR - 2023-04-25 16:45:55 --> Email: Unable to send email using SMTP. Your server might not be configured to send mail using this method.
ERROR - 2023-04-25 16:45:55 --> Invalid email address: "dsdasa"
220 mailhub.eait.uq.edu.au ESMTP Sendmail 8.15.1/8.15.1; Wed, 26 Apr 2023 02:45:54 +1000 (AEST)

hello: 250-mailhub.eait.uq.edu.au Hello infs3202-908127e8.zones.eait.uq.edu.au [172.23.81.177], pleased to meet you
250-ENHANCEDSTATUSCODES
250-PIPELINING
250-8BITMIME
250-SIZE 67108864
250-DSN
250-ETRN
250-STARTTLS
250-DELIVERBY
250 HELP

from: 250 2.1.0 <donotreply@fitlearn.com>... Sender ok

to: 550 5.1.1 <dsdasa>... User unknown

The following SMTP error was encountered: 550 5.1.1 <dsdasa>... User unknown

quit: 221 2.0.0 mailhub.eait.uq.edu.au closing connection

ERROR - 2023-04-25 16:48:18 --> Email: Unable to send email using SMTP. Your server might not be configured to send mail using this method.
ERROR - 2023-04-25 16:48:18 --> Invalid email address: "dsdasa"
220 mailhub.eait.uq.edu.au ESMTP Sendmail 8.15.1/8.15.1; Wed, 26 Apr 2023 02:48:17 +1000 (AEST)

hello: 250-mailhub.eait.uq.edu.au Hello infs3202-908127e8.zones.eait.uq.edu.au [172.23.81.177], pleased to meet you
250-ENHANCEDSTATUSCODES
250-PIPELINING
250-8BITMIME
250-SIZE 67108864
250-DSN
250-ETRN
250-STARTTLS
250-DELIVERBY
250 HELP

from: 250 2.1.0 <donotreply@fitlearn.com>... Sender ok

to: 550 5.1.1 <dsdasa>... User unknown

The following SMTP error was encountered: 550 5.1.1 <dsdasa>... User unknown

quit: 221 2.0.0 mailhub.eait.uq.edu.au closing connection

ERROR - 2023-04-25 16:50:52 --> Email: Unable to send email using SMTP. Your server might not be configured to send mail using this method.
ERROR - 2023-04-25 16:50:52 --> Invalid email address: "s458578dsaduq.edu.au"
220 mailhub.eait.uq.edu.au ESMTP Sendmail 8.15.1/8.15.1; Wed, 26 Apr 2023 02:50:50 +1000 (AEST)

hello: 250-mailhub.eait.uq.edu.au Hello infs3202-908127e8.zones.eait.uq.edu.au [172.23.81.177], pleased to meet you
250-ENHANCEDSTATUSCODES
250-PIPELINING
250-8BITMIME
250-SIZE 67108864
250-DSN
250-ETRN
250-STARTTLS
250-DELIVERBY
250 HELP

from: 250 2.1.0 <donotreply@fitlearn.com>... Sender ok

to: 550 5.1.1 <s458578dsaduq.edu.au>... User unknown

The following SMTP error was encountered: 550 5.1.1 <s458578dsaduq.edu.au>... User unknown

quit: 221 2.0.0 mailhub.eait.uq.edu.au closing connection

ERROR - 2023-04-25 16:51:01 --> Email: Unable to send email using SMTP. Your server might not be configured to send mail using this method.
ERROR - 2023-04-25 16:51:01 --> Invalid email address: "s458578dsaduq.edu.au"
220 mailhub.eait.uq.edu.au ESMTP Sendmail 8.15.1/8.15.1; Wed, 26 Apr 2023 02:51:01 +1000 (AEST)

hello: 250-mailhub.eait.uq.edu.au Hello infs3202-908127e8.zones.eait.uq.edu.au [172.23.81.177], pleased to meet you
250-ENHANCEDSTATUSCODES
250-PIPELINING
250-8BITMIME
250-SIZE 67108864
250-DSN
250-ETRN
250-STARTTLS
250-DELIVERBY
250 HELP

from: 250 2.1.0 <donotreply@fitlearn.com>... Sender ok

to: 550 5.1.1 <s458578dsaduq.edu.au>... User unknown

The following SMTP error was encountered: 550 5.1.1 <s458578dsaduq.edu.au>... User unknown

quit: 221 2.0.0 mailhub.eait.uq.edu.au closing connection

CRITICAL - 2023-04-25 16:52:05 --> syntax error, unexpected token "}"
in APPPATH/Controllers/Login.php on line 88.
 1 SYSTEMPATH/Autoloader/Autoloader.php(289): CodeIgniter\Autoloader\Autoloader->includeFile()
 2 SYSTEMPATH/Autoloader/Autoloader.php(267): CodeIgniter\Autoloader\Autoloader->loadInNamespace()
 3 [internal function]: CodeIgniter\Autoloader\Autoloader->loadClass()
 4 SYSTEMPATH/CodeIgniter.php(892): class_exists()
 5 SYSTEMPATH/CodeIgniter.php(486): CodeIgniter\CodeIgniter->startController()
 6 SYSTEMPATH/CodeIgniter.php(368): CodeIgniter\CodeIgniter->handleRequest()
 7 FCPATH/index.php(67): CodeIgniter\CodeIgniter->run()
